{"timestamp": "2025-05-26T10:31:47.510922", "source": "NetworkConnections", "source_type": "network", "host": "LAPTOP-9AVS13JD", "log_level": "info", "message": "new_connection: 10.248.34.0:61727 -> 40.90.130.204:443", "raw_data": null, "additional_fields": {"connection_family": "AF_INET", "connection_type": "SOCK_STREAM", "local_address": "10.248.34.0", "local_port": 61727, "remote_address": "40.90.130.204", "remote_port": 443, "process_id": 15652, "process_name": "OneDrive.exe", "event_type": "new_connection", "metadata": {"collection_time": "2025-05-26T10:31:48.447580", "agent_version": "1.0.0", "standardizer_version": "1.0.0", "network_log": true, "network_source": "NetworkConnections"}}}
{"timestamp": "2025-05-26T10:31:47.511222", "source": "NetworkConnections", "source_type": "network", "host": "LAPTOP-9AVS13JD", "log_level": "info", "message": "new_connection: 10.248.34.0:61728 -> 20.209.184.129:443", "raw_data": null, "additional_fields": {"connection_family": "AF_INET", "connection_type": "SOCK_STREAM", "local_address": "10.248.34.0", "local_port": 61728, "remote_address": "20.209.184.129", "remote_port": 443, "process_id": 15652, "process_name": "OneDrive.exe", "event_type": "new_connection", "metadata": {"collection_time": "2025-05-26T10:31:48.448033", "agent_version": "1.0.0", "standardizer_version": "1.0.0", "network_log": true, "network_source": "NetworkConnections"}}}
{"timestamp": "2025-05-26T10:31:47.511339", "source": "NetworkConnections", "source_type": "network", "host": "LAPTOP-9AVS13JD", "log_level": "info", "message": "connection_closed: 10.248.34.0:61719 -> 130.211.16.53:443", "raw_data": null, "additional_fields": {"connection_family": "AF_INET", "connection_type": "SOCK_STREAM", "local_address": "10.248.34.0", "local_port": 61719, "remote_address": "130.211.16.53", "remote_port": 443, "process_id": 19104, "process_name": "chrome.exe", "event_type": "connection_closed", "metadata": {"collection_time": "2025-05-26T10:31:48.448033", "agent_version": "1.0.0", "standardizer_version": "1.0.0", "network_log": true, "network_source": "NetworkConnections"}}}
{"timestamp": "2025-05-26T10:31:52.566617", "source": "NetworkInterfaces", "source_type": "network", "host": "LAPTOP-9AVS13JD", "log_level": "info", "message": "interface_changed: Wi-Fi", "raw_data": null, "additional_fields": {"interface_name": "Wi-Fi", "interface_info": {"addresses": [{"family": "AF_LINK", "address": "90-78-41-54-FA-B5", "netmask": null, "broadcast": null}, {"family": "AF_INET", "address": "10.248.34.0", "netmask": "255.255.240.0", "broadcast": null}], "is_up": true, "duplex": 2, "speed": 130, "mtu": 1500}, "event_type": "interface_changed", "metadata": {"collection_time": "2025-05-26T10:31:53.451745", "agent_version": "1.0.0", "standardizer_version": "1.0.0", "network_log": true, "network_source": "NetworkInterfaces"}}}
{"timestamp": "2025-05-26T10:32:58.248974", "source": "NetworkConnections", "source_type": "network", "host": "LAPTOP-9AVS13JD", "log_level": "info", "message": "new_connection: 10.248.34.0:61735 -> 57.150.97.97:443", "raw_data": null, "additional_fields": {"connection_family": "AF_INET", "connection_type": "SOCK_STREAM", "local_address": "10.248.34.0", "local_port": 61735, "remote_address": "57.150.97.97", "remote_port": 443, "process_id": 15652, "process_name": "OneDrive.exe", "event_type": "new_connection", "metadata": {"collection_time": "2025-05-26T10:32:59.192150", "agent_version": "1.0.0", "standardizer_version": "1.0.0", "network_log": true, "network_source": "NetworkConnections"}}}
{"timestamp": "2025-05-26T10:32:58.248974", "source": "NetworkConnections", "source_type": "network", "host": "LAPTOP-9AVS13JD", "log_level": "info", "message": "new_connection: 10.248.34.0:61734 -> 40.90.130.204:443", "raw_data": null, "additional_fields": {"connection_family": "AF_INET", "connection_type": "SOCK_STREAM", "local_address": "10.248.34.0", "local_port": 61734, "remote_address": "40.90.130.204", "remote_port": 443, "process_id": 15652, "process_name": "OneDrive.exe", "event_type": "new_connection", "metadata": {"collection_time": "2025-05-26T10:32:59.192150", "agent_version": "1.0.0", "standardizer_version": "1.0.0", "network_log": true, "network_source": "NetworkConnections"}}}
{"timestamp": "2025-05-26T10:32:58.248974", "source": "NetworkConnections", "source_type": "network", "host": "LAPTOP-9AVS13JD", "log_level": "info", "message": "connection_closed: 10.248.34.0:61725 -> 13.107.246.35:443", "raw_data": null, "additional_fields": {"connection_family": "AF_INET", "connection_type": "SOCK_STREAM", "local_address": "10.248.34.0", "local_port": 61725, "remote_address": "13.107.246.35", "remote_port": 443, "process_id": 6060, "process_name": "Code.exe", "event_type": "connection_closed", "metadata": {"collection_time": "2025-05-26T10:32:59.192150", "agent_version": "1.0.0", "standardizer_version": "1.0.0", "network_log": true, "network_source": "NetworkConnections"}}}
{"timestamp": "2025-05-26T10:32:58.248974", "source": "NetworkConnections", "source_type": "network", "host": "LAPTOP-9AVS13JD", "log_level": "info", "message": "connection_closed: 10.248.34.0:61727 -> 40.90.130.204:443", "raw_data": null, "additional_fields": {"connection_family": "AF_INET", "connection_type": "SOCK_STREAM", "local_address": "10.248.34.0", "local_port": 61727, "remote_address": "40.90.130.204", "remote_port": 443, "process_id": 15652, "process_name": "OneDrive.exe", "event_type": "connection_closed", "metadata": {"collection_time": "2025-05-26T10:32:59.192150", "agent_version": "1.0.0", "standardizer_version": "1.0.0", "network_log": true, "network_source": "NetworkConnections"}}}
{"timestamp": "2025-05-26T10:32:58.300654", "source": "NetworkInterfaces", "source_type": "network", "host": "LAPTOP-9AVS13JD", "log_level": "info", "message": "interface_changed: Wi-Fi", "raw_data": null, "additional_fields": {"interface_name": "Wi-Fi", "interface_info": {"addresses": [{"family": "AF_LINK", "address": "90-78-41-54-FA-B5", "netmask": null, "broadcast": null}, {"family": "AF_INET", "address": "10.248.34.0", "netmask": "255.255.240.0", "broadcast": null}], "is_up": true, "duplex": 2, "speed": 145, "mtu": 1500}, "event_type": "interface_changed", "metadata": {"collection_time": "2025-05-26T10:32:59.192150", "agent_version": "1.0.0", "standardizer_version": "1.0.0", "network_log": true, "network_source": "NetworkInterfaces"}}}
{"timestamp": "2025-05-26T10:39:12.338513", "source": "NetworkConnections", "source_type": "network", "host": "LAPTOP-9AVS13JD", "log_level": "info", "message": "new_connection: 10.248.34.0:62082 -> 34.120.33.21:443", "raw_data": null, "additional_fields": {"connection_family": "AF_INET", "connection_type": "SOCK_STREAM", "local_address": "10.248.34.0", "local_port": 62082, "remote_address": "34.120.33.21", "remote_port": 443, "process_id": 23972, "process_name": "Code.exe", "event_type": "new_connection", "metadata": {"collection_time": "2025-05-26T10:39:13.270674", "agent_version": "1.0.0", "standardizer_version": "1.0.0", "network_log": true, "network_source": "NetworkConnections"}}}
{"timestamp": "2025-05-26T10:39:12.338513", "source": "NetworkConnections", "source_type": "network", "host": "LAPTOP-9AVS13JD", "log_level": "info", "message": "new_connection: 10.248.34.0:62083 -> 34.120.33.21:443", "raw_data": null, "additional_fields": {"connection_family": "AF_INET", "connection_type": "SOCK_STREAM", "local_address": "10.248.34.0", "local_port": 62083, "remote_address": "34.120.33.21", "remote_port": 443, "process_id": 23972, "process_name": "Code.exe", "event_type": "new_connection", "metadata": {"collection_time": "2025-05-26T10:39:13.270674", "agent_version": "1.0.0", "standardizer_version": "1.0.0", "network_log": true, "network_source": "NetworkConnections"}}}
{"timestamp": "2025-05-26T10:39:12.338513", "source": "NetworkConnections", "source_type": "network", "host": "LAPTOP-9AVS13JD", "log_level": "info", "message": "connection_closed: 10.248.34.0:62080 -> 34.120.33.21:443", "raw_data": null, "additional_fields": {"connection_family": "AF_INET", "connection_type": "SOCK_STREAM", "local_address": "10.248.34.0", "local_port": 62080, "remote_address": "34.120.33.21", "remote_port": 443, "process_id": 23972, "process_name": "Code.exe", "event_type": "connection_closed", "metadata": {"collection_time": "2025-05-26T10:39:13.270674", "agent_version": "1.0.0", "standardizer_version": "1.0.0", "network_log": true, "network_source": "NetworkConnections"}}}
{"timestamp": "2025-05-26T10:39:12.385590", "source": "NetworkInterfaces", "source_type": "network", "host": "LAPTOP-9AVS13JD", "log_level": "info", "message": "interface_changed: Wi-Fi", "raw_data": null, "additional_fields": {"interface_name": "Wi-Fi", "interface_info": {"addresses": [{"family": "AF_LINK", "address": "90-78-41-54-FA-B5", "netmask": null, "broadcast": null}, {"family": "AF_INET", "address": "10.248.34.0", "netmask": "255.255.240.0", "broadcast": null}], "is_up": true, "duplex": 2, "speed": 151, "mtu": 1500}, "event_type": "interface_changed", "metadata": {"collection_time": "2025-05-26T10:39:13.270674", "agent_version": "1.0.0", "standardizer_version": "1.0.0", "network_log": true, "network_source": "NetworkInterfaces"}}}
{"timestamp": "2025-05-26T10:39:17.342984", "source": "NetworkConnections", "source_type": "network", "host": "LAPTOP-9AVS13JD", "log_level": "info", "message": "new_connection: 10.248.34.0:62086 -> 34.120.33.21:443", "raw_data": null, "additional_fields": {"connection_family": "AF_INET", "connection_type": "SOCK_STREAM", "local_address": "10.248.34.0", "local_port": 62086, "remote_address": "34.120.33.21", "remote_port": 443, "process_id": 23972, "process_name": "Code.exe", "event_type": "new_connection", "metadata": {"collection_time": "2025-05-26T10:39:18.274451", "agent_version": "1.0.0", "standardizer_version": "1.0.0", "network_log": true, "network_source": "NetworkConnections"}}}
{"timestamp": "2025-05-26T10:39:17.343405", "source": "NetworkConnections", "source_type": "network", "host": "LAPTOP-9AVS13JD", "log_level": "info", "message": "new_connection: 10.248.34.0:62085 -> 34.120.33.21:443", "raw_data": null, "additional_fields": {"connection_family": "AF_INET", "connection_type": "SOCK_STREAM", "local_address": "10.248.34.0", "local_port": 62085, "remote_address": "34.120.33.21", "remote_port": 443, "process_id": 23972, "process_name": "Code.exe", "event_type": "new_connection", "metadata": {"collection_time": "2025-05-26T10:39:18.274451", "agent_version": "1.0.0", "standardizer_version": "1.0.0", "network_log": true, "network_source": "NetworkConnections"}}}
{"timestamp": "2025-05-26T10:39:17.343405", "source": "NetworkConnections", "source_type": "network", "host": "LAPTOP-9AVS13JD", "log_level": "info", "message": "new_connection: 10.248.34.0:62084 -> 34.120.33.21:443", "raw_data": null, "additional_fields": {"connection_family": "AF_INET", "connection_type": "SOCK_STREAM", "local_address": "10.248.34.0", "local_port": 62084, "remote_address": "34.120.33.21", "remote_port": 443, "process_id": 23972, "process_name": "Code.exe", "event_type": "new_connection", "metadata": {"collection_time": "2025-05-26T10:39:18.274451", "agent_version": "1.0.0", "standardizer_version": "1.0.0", "network_log": true, "network_source": "NetworkConnections"}}}
{"timestamp": "2025-05-26T10:39:17.343405", "source": "NetworkConnections", "source_type": "network", "host": "LAPTOP-9AVS13JD", "log_level": "info", "message": "connection_closed: 10.248.34.0:62082 -> 34.120.33.21:443", "raw_data": null, "additional_fields": {"connection_family": "AF_INET", "connection_type": "SOCK_STREAM", "local_address": "10.248.34.0", "local_port": 62082, "remote_address": "34.120.33.21", "remote_port": 443, "process_id": 23972, "process_name": "Code.exe", "event_type": "connection_closed", "metadata": {"collection_time": "2025-05-26T10:39:18.274451", "agent_version": "1.0.0", "standardizer_version": "1.0.0", "network_log": true, "network_source": "NetworkConnections"}}}
{"timestamp": "2025-05-26T10:39:17.343405", "source": "NetworkConnections", "source_type": "network", "host": "LAPTOP-9AVS13JD", "log_level": "info", "message": "connection_closed: 10.248.34.0:62083 -> 34.120.33.21:443", "raw_data": null, "additional_fields": {"connection_family": "AF_INET", "connection_type": "SOCK_STREAM", "local_address": "10.248.34.0", "local_port": 62083, "remote_address": "34.120.33.21", "remote_port": 443, "process_id": 23972, "process_name": "Code.exe", "event_type": "connection_closed", "metadata": {"collection_time": "2025-05-26T10:39:18.274451", "agent_version": "1.0.0", "standardizer_version": "1.0.0", "network_log": true, "network_source": "NetworkConnections"}}}
{"timestamp": "2025-05-26T10:39:22.343796", "source": "NetworkConnections", "source_type": "network", "host": "LAPTOP-9AVS13JD", "log_level": "info", "message": "new_connection: 10.248.34.0:62087 -> 34.120.33.21:443", "raw_data": null, "additional_fields": {"connection_family": "AF_INET", "connection_type": "SOCK_STREAM", "local_address": "10.248.34.0", "local_port": 62087, "remote_address": "34.120.33.21", "remote_port": 443, "process_id": 23972, "process_name": "Code.exe", "event_type": "new_connection", "metadata": {"collection_time": "2025-05-26T10:39:23.278302", "agent_version": "1.0.0", "standardizer_version": "1.0.0", "network_log": true, "network_source": "NetworkConnections"}}}
{"timestamp": "2025-05-26T10:39:22.343796", "source": "NetworkConnections", "source_type": "network", "host": "LAPTOP-9AVS13JD", "log_level": "info", "message": "new_connection: 10.248.34.0:62088 -> 34.120.33.21:443", "raw_data": null, "additional_fields": {"connection_family": "AF_INET", "connection_type": "SOCK_STREAM", "local_address": "10.248.34.0", "local_port": 62088, "remote_address": "34.120.33.21", "remote_port": 443, "process_id": 23972, "process_name": "Code.exe", "event_type": "new_connection", "metadata": {"collection_time": "2025-05-26T10:39:23.278302", "agent_version": "1.0.0", "standardizer_version": "1.0.0", "network_log": true, "network_source": "NetworkConnections"}}}
{"timestamp": "2025-05-26T10:39:22.343796", "source": "NetworkConnections", "source_type": "network", "host": "LAPTOP-9AVS13JD", "log_level": "info", "message": "connection_closed: 10.248.34.0:62086 -> 34.120.33.21:443", "raw_data": null, "additional_fields": {"connection_family": "AF_INET", "connection_type": "SOCK_STREAM", "local_address": "10.248.34.0", "local_port": 62086, "remote_address": "34.120.33.21", "remote_port": 443, "process_id": 23972, "process_name": "Code.exe", "event_type": "connection_closed", "metadata": {"collection_time": "2025-05-26T10:39:23.278302", "agent_version": "1.0.0", "standardizer_version": "1.0.0", "network_log": true, "network_source": "NetworkConnections"}}}
{"timestamp": "2025-05-26T10:39:22.343796", "source": "NetworkConnections", "source_type": "network", "host": "LAPTOP-9AVS13JD", "log_level": "info", "message": "connection_closed: 10.248.34.0:62085 -> 34.120.33.21:443", "raw_data": null, "additional_fields": {"connection_family": "AF_INET", "connection_type": "SOCK_STREAM", "local_address": "10.248.34.0", "local_port": 62085, "remote_address": "34.120.33.21", "remote_port": 443, "process_id": 23972, "process_name": "Code.exe", "event_type": "connection_closed", "metadata": {"collection_time": "2025-05-26T10:39:23.278302", "agent_version": "1.0.0", "standardizer_version": "1.0.0", "network_log": true, "network_source": "NetworkConnections"}}}
{"timestamp": "2025-05-26T10:39:22.343796", "source": "NetworkConnections", "source_type": "network", "host": "LAPTOP-9AVS13JD", "log_level": "info", "message": "connection_closed: 10.248.34.0:62084 -> 34.120.33.21:443", "raw_data": null, "additional_fields": {"connection_family": "AF_INET", "connection_type": "SOCK_STREAM", "local_address": "10.248.34.0", "local_port": 62084, "remote_address": "34.120.33.21", "remote_port": 443, "process_id": 23972, "process_name": "Code.exe", "event_type": "connection_closed", "metadata": {"collection_time": "2025-05-26T10:39:23.278302", "agent_version": "1.0.0", "standardizer_version": "1.0.0", "network_log": true, "network_source": "NetworkConnections"}}}
{"timestamp": "2025-05-26T10:37:44", "source": "System", "source_type": "event", "host": "LAPTOP-9AVS13JD", "log_level": "warning", "message": "<The description for Event ID ( 10016 ) in Source ( 'DCOM' ) could not be found. It contains the following insertion string(s):'application-specific, Local, Activation, {2593F8B9-4EAF-457C-B68A-50F6B8EA6B54}, {15C20B67-12E7-4BB6-92BB-7AFF07997402}, LAPTOP-9AVS13JD, mahil, S-1-5-21-3368472145-1011794785-928208806-1001, LocalHost (Using LRPC), Unavailable, Unavailable'.>", "raw_data": null, "additional_fields": {"record_number": 625229, "computer_name": "LAPTOP-9AVS13JD", "string_inserts": ["application-specific", "Local", "Activation", "{2593F8B9-4EAF-457C-B68A-50F6B8EA6B54}", "{15C20B67-12E7-4BB6-92BB-7AFF07997402}", "LAPTOP-9AVS13JD", "mahil", "S-1-5-21-3368472145-1011794785-928208806-1001", "LocalHost (Using LRPC)", "Unavailable", "Unavailable"], "data": null, "event_id": 10016, "event_category": 0, "event_type": 2, "metadata": {"collection_time": "2025-05-26T10:43:33.954638", "agent_version": "1.0.0", "standardizer_version": "1.0.0", "windows_event_log": true, "event_log_source": "System"}}}
{"timestamp": "2025-05-26T10:26:39", "source": "System", "source_type": "event", "host": "LAPTOP-9AVS13JD", "log_level": "info", "message": "Networking driver in Virtual Machine is loaded and the protocol version is negotiated to the most recent version (Virtual machine ID 22339DF7-94F5-4140-B7DB-633CD0267973).", "raw_data": null, "additional_fields": {"record_number": 625228, "computer_name": "LAPTOP-9AVS13JD", "string_inserts": ["15", "Virtual Machine", "36", "22339DF7-94F5-4140-B7DB-633CD0267973"], "data": null, "event_id": 102, "event_category": 1019, "event_type": 4, "metadata": {"collection_time": "2025-05-26T10:43:33.954638", "agent_version": "1.0.0", "standardizer_version": "1.0.0", "windows_event_log": true, "event_log_source": "System"}}}
{"timestamp": "2025-05-26T10:26:39", "source": "System", "source_type": "event", "host": "LAPTOP-9AVS13JD", "log_level": "info", "message": "NIC 22339DF7-94F5-4140-B7DB-633CD0267973--CCA7FB1B-189A-4515-A280-D7322A491721 (Friendly Name: ) successfully connected to port 0AEFACD6-BEAD-4B35-B53B-7015ED15C960 (Friendly Name: CCA7FB1B-189A-4515-A280-D7322A491721) on switch F2A12452-9B1E-4019-BCFA-A34602833A63(Friendly Name: WSL).", "raw_data": null, "additional_fields": {"record_number": 625227, "computer_name": "LAPTOP-9AVS13JD", "string_inserts": ["74", "22339DF7-94F5-4140-B7DB-633CD0267973--CCA7FB1B-189A-4515-A280-D7322A491721", "0", "", "36", "0AEFACD6-BEAD-4B35-B53B-7015ED15C960", "36", "CCA7FB1B-189A-4515-A280-D7322A491721", "36", "F2A12452-9B1E-4019-BCFA-A34602833A63", "3", "WSL"], "data": null, "event_id": 232, "event_category": 0, "event_type": 4, "metadata": {"collection_time": "2025-05-26T10:43:33.954638", "agent_version": "1.0.0", "standardizer_version": "1.0.0", "windows_event_log": true, "event_log_source": "System"}}}
{"timestamp": "2025-05-26T10:26:39", "source": "System", "source_type": "event", "host": "LAPTOP-9AVS13JD", "log_level": "info", "message": "The operation '7' succeeded on nic 22339DF7-94F5-4140-B7DB-633CD0267973--CCA7FB1B-189A-4515-A280-D7322A491721 (Friendly Name: ).", "raw_data": null, "additional_fields": {"record_number": 625226, "computer_name": "LAPTOP-9AVS13JD", "string_inserts": ["74", "22339DF7-94F5-4140-B7DB-633CD0267973--CCA7FB1B-189A-4515-A280-D7322A491721", "1", "", "7"], "data": null, "event_id": 233, "event_category": 0, "event_type": 4, "metadata": {"collection_time": "2025-05-26T10:43:33.954638", "agent_version": "1.0.0", "standardizer_version": "1.0.0", "windows_event_log": true, "event_log_source": "System"}}}
{"timestamp": "2025-05-26T10:26:39", "source": "System", "source_type": "event", "host": "LAPTOP-9AVS13JD", "log_level": "info", "message": "Port 0AEFACD6-BEAD-4B35-B53B-7015ED15C960 (Friendly Name: CCA7FB1B-189A-4515-A280-D7322A491721) successfully created on switch F2A12452-9B1E-4019-BCFA-A34602833A63 (Friendly Name: WSL).", "raw_data": null, "additional_fields": {"record_number": 625225, "computer_name": "LAPTOP-9AVS13JD", "string_inserts": ["36", "0AEFACD6-BEAD-4B35-B53B-7015ED15C960", "36", "CCA7FB1B-189A-4515-A280-D7322A491721", "36", "F2A12452-9B1E-4019-BCFA-A34602833A63", "3", "WSL", "0", "1"], "data": null, "event_id": 264, "event_category": 0, "event_type": 4, "metadata": {"collection_time": "2025-05-26T10:43:33.954638", "agent_version": "1.0.0", "standardizer_version": "1.0.0", "windows_event_log": true, "event_log_source": "System"}}}
{"timestamp": "2025-05-26T10:26:39", "source": "System", "source_type": "event", "host": "LAPTOP-9AVS13JD", "log_level": "info", "message": "NIC 70EC5818-469F-4CC6-B1DC-7EF3CC7B0CF6 (Friendly Name: WSL) successfully connected to port D8938719-EAAE-4422-B8DF-2278E91C9AB0 (Friendly Name: Container NIC 2f3220c3) on switch F2A12452-9B1E-4019-BCFA-A34602833A63(Friendly Name: WSL).", "raw_data": null, "additional_fields": {"record_number": 625224, "computer_name": "LAPTOP-9AVS13JD", "string_inserts": ["36", "70EC5818-469F-4CC6-B1DC-7EF3CC7B0CF6", "3", "WSL", "36", "D8938719-EAAE-4422-B8DF-2278E91C9AB0", "22", "Container NIC 2f3220c3", "36", "F2A12452-9B1E-4019-BCFA-A34602833A63", "3", "WSL"], "data": null, "event_id": 232, "event_category": 0, "event_type": 4, "metadata": {"collection_time": "2025-05-26T10:43:33.954638", "agent_version": "1.0.0", "standardizer_version": "1.0.0", "windows_event_log": true, "event_log_source": "System"}}}
{"timestamp": "2025-05-26T10:26:38", "source": "System", "source_type": "event", "host": "LAPTOP-9AVS13JD", "log_level": "info", "message": "Miniport NIC 70EC5818-469F-4CC6-B1DC-7EF3CC7B0CF6 (Friendly Name: WSL) successfully initialized.", "raw_data": null, "additional_fields": {"record_number": 625223, "computer_name": "LAPTOP-9AVS13JD", "string_inserts": ["36", "70EC5818-469F-4CC6-B1DC-7EF3CC7B0CF6", "3", "WSL"], "data": null, "event_id": 7, "event_category": 1004, "event_type": 4, "metadata": {"collection_time": "2025-05-26T10:43:33.954638", "agent_version": "1.0.0", "standardizer_version": "1.0.0", "windows_event_log": true, "event_log_source": "System"}}}
{"timestamp": "2025-05-26T10:26:38", "source": "System", "source_type": "event", "host": "LAPTOP-9AVS13JD", "log_level": "info", "message": "The operation '7' succeeded on nic 70EC5818-469F-4CC6-B1DC-7EF3CC7B0CF6 (Friendly Name: WSL).", "raw_data": null, "additional_fields": {"record_number": 625222, "computer_name": "LAPTOP-9AVS13JD", "string_inserts": ["36", "70EC5818-469F-4CC6-B1DC-7EF3CC7B0CF6", "3", "WSL", "7"], "data": null, "event_id": 233, "event_category": 0, "event_type": 4, "metadata": {"collection_time": "2025-05-26T10:43:33.954638", "agent_version": "1.0.0", "standardizer_version": "1.0.0", "windows_event_log": true, "event_log_source": "System"}}}
{"timestamp": "2025-05-26T10:26:38", "source": "System", "source_type": "event", "host": "LAPTOP-9AVS13JD", "log_level": "info", "message": "Miniport NIC C8A81591-E5BB-4A08-AA07-4CC8FFB36919 (Friendly Name: ) successfully enabled", "raw_data": null, "additional_fields": {"record_number": 625221, "computer_name": "LAPTOP-9AVS13JD", "string_inserts": ["36", "C8A81591-E5BB-4A08-AA07-4CC8FFB36919", "1", ""], "data": null, "event_id": 5, "event_category": 1003, "event_type": 4, "metadata": {"collection_time": "2025-05-26T10:43:33.954638", "agent_version": "1.0.0", "standardizer_version": "1.0.0", "windows_event_log": true, "event_log_source": "System"}}}
{"timestamp": "2025-05-26T10:26:38", "source": "System", "source_type": "event", "host": "LAPTOP-9AVS13JD", "log_level": "info", "message": "Port D8938719-EAAE-4422-B8DF-2278E91C9AB0 (Friendly Name: Container NIC 2f3220c3) successfully created on switch F2A12452-9B1E-4019-BCFA-A34602833A63 (Friendly Name: WSL).", "raw_data": null, "additional_fields": {"record_number": 625220, "computer_name": "LAPTOP-9AVS13JD", "string_inserts": ["36", "D8938719-EAAE-4422-B8DF-2278E91C9AB0", "22", "Container NIC 2f3220c3", "36", "F2A12452-9B1E-4019-BCFA-A34602833A63", "3", "WSL", "1", "1"], "data": null, "event_id": 264, "event_category": 0, "event_type": 4, "metadata": {"collection_time": "2025-05-26T10:43:33.954638", "agent_version": "1.0.0", "standardizer_version": "1.0.0", "windows_event_log": true, "event_log_source": "System"}}}
{"timestamp": "2025-05-26T10:36:46", "source": "Application", "source_type": "event", "host": "LAPTOP-9AVS13JD", "log_level": "info", "message": "Successfully scheduled Software Protection service for re-start at 2025-06-02T14:26:46Z. Reason: RulesEngine.", "raw_data": null, "additional_fields": {"record_number": 496724, "computer_name": "LAPTOP-9AVS13JD", "string_inserts": ["2025-06-02T14:26:46Z", "RulesEngine"], "data": null, "event_id": 16384, "event_category": 0, "event_type": 4, "metadata": {"collection_time": "2025-05-26T10:43:33.954638", "agent_version": "1.0.0", "standardizer_version": "1.0.0", "windows_event_log": true, "event_log_source": "Application"}}}
{"timestamp": "2025-05-26T10:36:16", "source": "Application", "source_type": "event", "host": "LAPTOP-9AVS13JD", "log_level": "info", "message": "Offline downlevel migration succeeded.", "raw_data": null, "additional_fields": {"record_number": 496723, "computer_name": "LAPTOP-9AVS13JD", "string_inserts": null, "data": null, "event_id": 16394, "event_category": 0, "event_type": 4, "metadata": {"collection_time": "2025-05-26T10:43:33.954638", "agent_version": "1.0.0", "standardizer_version": "1.0.0", "windows_event_log": true, "event_log_source": "Application"}}}
{"timestamp": "2025-05-26T10:28:30", "source": "Application", "source_type": "event", "host": "LAPTOP-9AVS13JD", "log_level": "info", "message": "Successfully scheduled Software Protection service for re-start at 2025-06-02T14:26:30Z. Reason: RulesEngine.", "raw_data": null, "additional_fields": {"record_number": 496722, "computer_name": "LAPTOP-9AVS13JD", "string_inserts": ["2025-06-02T14:26:30Z", "RulesEngine"], "data": null, "event_id": 16384, "event_category": 0, "event_type": 4, "metadata": {"collection_time": "2025-05-26T10:43:33.954638", "agent_version": "1.0.0", "standardizer_version": "1.0.0", "windows_event_log": true, "event_log_source": "Application"}}}
{"timestamp": "2025-05-26T10:27:59", "source": "Application", "source_type": "event", "host": "LAPTOP-9AVS13JD", "log_level": "info", "message": "Offline downlevel migration succeeded.", "raw_data": null, "additional_fields": {"record_number": 496721, "computer_name": "LAPTOP-9AVS13JD", "string_inserts": null, "data": null, "event_id": 16394, "event_category": 0, "event_type": 4, "metadata": {"collection_time": "2025-05-26T10:43:33.955639", "agent_version": "1.0.0", "standardizer_version": "1.0.0", "windows_event_log": true, "event_log_source": "Application"}}}
{"timestamp": "2025-05-26T10:27:43", "source": "Application", "source_type": "event", "host": "LAPTOP-9AVS13JD", "log_level": "info", "message": "Successfully scheduled Software Protection service for re-start at 2025-06-02T14:26:43Z. Reason: RulesEngine.", "raw_data": null, "additional_fields": {"record_number": 496720, "computer_name": "LAPTOP-9AVS13JD", "string_inserts": ["2025-06-02T14:26:43Z", "RulesEngine"], "data": null, "event_id": 16384, "event_category": 0, "event_type": 4, "metadata": {"collection_time": "2025-05-26T10:43:33.955639", "agent_version": "1.0.0", "standardizer_version": "1.0.0", "windows_event_log": true, "event_log_source": "Application"}}}
{"timestamp": "2025-05-26T10:27:13", "source": "Application", "source_type": "event", "host": "LAPTOP-9AVS13JD", "log_level": "info", "message": "The rules engine successfully re-evaluated the schedule.\r\nKernel policies:\r\nSecurity-SPP-Action-StateData (REG_SZ) =AppId=55c92734-d682-4d71-983e-d6ec3f16059f;LastConsumptionReason=0x4004f401;LastNotificationId=Cleanup;LicenseState=SL_LICENSING_STATUS_LICENSED;PartialProductKey=V6DGP;ProductKeyType=OEM:DM;SkuId=bd3762d7-270d-4760-8fb3-d829ca45278a;ruleId=379cccfb-d4e0-48fe-b0f2-0136097be147;uxDifferentiator=OEM_DM", "raw_data": null, "additional_fields": {"record_number": 496719, "computer_name": "LAPTOP-9AVS13JD", "string_inserts": ["Security-SPP-Action-StateData (REG_SZ) =AppId=55c92734-d682-4d71-983e-d6ec3f16059f;LastConsumptionReason=0x4004f401;LastNotificationId=Cleanup;LicenseState=SL_LICENSING_STATUS_LICENSED;PartialProductKey=V6DGP;ProductKeyType=OEM:DM;SkuId=bd3762d7-270d-4760-8fb3-d829ca45278a;ruleId=379cccfb-d4e0-48fe-b0f2-0136097be147;uxDifferentiator=OEM_DM"], "data": null, "event_id": 8230, "event_category": 0, "event_type": 4, "metadata": {"collection_time": "2025-05-26T10:43:33.955639", "agent_version": "1.0.0", "standardizer_version": "1.0.0", "windows_event_log": true, "event_log_source": "Application"}}}
{"timestamp": "2025-05-26T10:27:07", "source": "Application", "source_type": "event", "host": "LAPTOP-9AVS13JD", "log_level": "info", "message": "These policies are being excluded since they are only defined with override-only attribute.\r\nPolicy Names=(Security-SPP-Reserved-EnableNotificationMode) \r\nApp Id=0ff1ce15-a989-479d-af46-f275c6370663\r\nSku Id=4f414197-0fc2-4c01-b68a-86cbb9ac254c", "raw_data": null, "additional_fields": {"record_number": 496718, "computer_name": "LAPTOP-9AVS13JD", "string_inserts": ["(Security-SPP-Reserved-EnableNotificationMode) ", "0ff1ce15-a989-479d-af46-f275c6370663", "4f414197-0fc2-4c01-b68a-86cbb9ac254c"], "data": null, "event_id": 1033, "event_category": 0, "event_type": 4, "metadata": {"collection_time": "2025-05-26T10:43:33.955639", "agent_version": "1.0.0", "standardizer_version": "1.0.0", "windows_event_log": true, "event_log_source": "Application"}}}
{"timestamp": "2025-05-26T10:27:07", "source": "Application", "source_type": "event", "host": "LAPTOP-9AVS13JD", "log_level": "info", "message": "Hardware has changed from previous boot.\r\n AppId=0ff1ce15-a989-479d-af46-f275c6370663, SkuId=149dbce7-a48e-44db-8364-a53386cd4580.", "raw_data": null, "additional_fields": {"record_number": 496717, "computer_name": "LAPTOP-9AVS13JD", "string_inserts": ["0ff1ce15-a989-479d-af46-f275c6370663", "149dbce7-a48e-44db-8364-a53386cd4580"], "data": "6e0000000a00400000000000000001000200030006000000050001000000ca4b66529073ee5e1c9a69b942f3eece0b218989178dec945ff170f6e02afc7b7eb0adbb68eab4840d0001000101000201000301000401000500000601000700000801000901000a01000b00000c01003a0000000000000001000200020005000000040001000000ca4b66529073ee5e1c9a42f3eece0b21178dec945ff170f6e02afc7b7eb068eab484", "event_id": 1040, "event_category": 0, "event_type": 4, "metadata": {"collection_time": "2025-05-26T10:43:33.955639", "agent_version": "1.0.0", "standardizer_version": "1.0.0", "windows_event_log": true, "event_log_source": "Application"}}}
{"timestamp": "2025-05-26T10:27:05", "source": "Application", "source_type": "event", "host": "LAPTOP-9AVS13JD", "log_level": "info", "message": "The client has processed an activation response from the key management service machine.\r\nInfo:\r\n0x00000000, 0x00000000, 1, 0, 10, 120, 10080, 2025/05/26 14:26", "raw_data": null, "additional_fields": {"record_number": 496716, "computer_name": "LAPTOP-9AVS13JD", "string_inserts": ["0x00000000, 0x00000000, 1, 0, 10, 120, 10080, 2025/05/26 14:26"], "data": "00000600d9a09a781a9182b62b56469301436c2693bb166fbf4cab101278e5f9f9b1dccd626bc595a8fe44af9a3f94eb345e698714f7998d12ae67bf2dff471ca28d9370f9688c60fa3c2bcfd9ded9b5af2ca1535027de3e8bd136646786cd5ddbe85989188d6474dd22b239dc0d2899fff084f4331f5e43b0591220ff65fc21968bd5db052dba080a7e991ff6a6814dc0efbefd1ec2fde4d2ea05f938c4ab025f24f19996716a5baae3f7799c252afccb0fb1fe503b6473b3d3c67501915e5122f28355888758f17407c2a1bc151ef8c7028da5a6db6688facc992335d44a1c17c9cdda1f952175a8d3981479df8ebeffd0d198a597e03d9601559798804c975ce6531c", "event_id": 12289, "event_category": 0, "event_type": 4, "metadata": {"collection_time": "2025-05-26T10:43:33.955639", "agent_version": "1.0.0", "standardizer_version": "1.0.0", "windows_event_log": true, "event_log_source": "Application"}}}
{"timestamp": "2025-05-26T10:37:44", "source": "Microsoft-Windows-Kernel-General", "source_type": "application", "host": "LAPTOP-9AVS13JD", "log_level": "warning", "message": "<The description for Event ID ( 10016 ) in Source ( 'DCOM' ) could not be found. It contains the following insertion string(s):'application-specific, Local, Activation, {2593F8B9-4EAF-457C-B68A-50F6B8EA6B54}, {15C20B67-12E7-4BB6-92BB-7AFF07997402}, LAPTOP-9AVS13JD, mahil, S-1-5-21-3368472145-1011794785-928208806-1001, LocalHost (Using LRPC), Unavailable, Unavailable'.>", "raw_data": null, "additional_fields": {"record_number": 625229, "computer_name": "LAPTOP-9AVS13JD", "string_inserts": ["application-specific", "Local", "Activation", "{2593F8B9-4EAF-457C-B68A-50F6B8EA6B54}", "{15C20B67-12E7-4BB6-92BB-7AFF07997402}", "LAPTOP-9AVS13JD", "mahil", "S-1-5-21-3368472145-1011794785-928208806-1001", "LocalHost (Using LRPC)", "Unavailable", "Unavailable"], "data": null, "microsoft_source": "Microsoft-Windows-Kernel-General", "event_category": 0, "event_id": 10016, "event_type": 2, "event_description": "Application event", "metadata": {"collection_time": "2025-05-26T10:43:33.955639", "agent_version": "1.0.0", "standardizer_version": "1.0.0", "application_log": true, "application_category": "microsoft_component"}}}
{"timestamp": "2025-05-26T10:26:39", "source": "Microsoft-Windows-Kernel-General", "source_type": "application", "host": "LAPTOP-9AVS13JD", "log_level": "info", "message": "<The description for Event ID ( 102 ) in Source ( 'Microsoft-Windows-Hyper-V-VmSwitch' ) could not be found. It contains the following insertion string(s):'15, Virtual Machine, 36, 22339DF7-94F5-4140-B7DB-633CD0267973'.>", "raw_data": null, "additional_fields": {"record_number": 625228, "computer_name": "LAPTOP-9AVS13JD", "string_inserts": ["15", "Virtual Machine", "36", "22339DF7-94F5-4140-B7DB-633CD0267973"], "data": null, "microsoft_source": "Microsoft-Windows-Kernel-General", "event_category": 1019, "event_id": 102, "event_type": 4, "event_description": "Application configuration changed", "metadata": {"collection_time": "2025-05-26T10:43:33.955639", "agent_version": "1.0.0", "standardizer_version": "1.0.0", "application_log": true, "application_category": "application_lifecycle"}}}
{"timestamp": "2025-05-26T10:26:39", "source": "Microsoft-Windows-Kernel-General", "source_type": "application", "host": "LAPTOP-9AVS13JD", "log_level": "info", "message": "<The description for Event ID ( 232 ) in Source ( 'Microsoft-Windows-Hyper-V-VmSwitch' ) could not be found. It contains the following insertion string(s):'74, 22339DF7-94F5-4140-B7DB-633CD0267973--CCA7FB1B-189A-4515-A280-D7322A491721, 0, , 36, 0AEFACD6-BEAD-4B35-B53B-7015ED15C960, 36, CCA7FB1B-189A-4515-A280-D7322A491721, 36, F2A12452-9B1E-4019-BCFA-A34602833A63, 3, WSL'.>", "raw_data": null, "additional_fields": {"record_number": 625227, "computer_name": "LAPTOP-9AVS13JD", "string_inserts": ["74", "22339DF7-94F5-4140-B7DB-633CD0267973--CCA7FB1B-189A-4515-A280-D7322A491721", "0", "", "36", "0AEFACD6-BEAD-4B35-B53B-7015ED15C960", "36", "CCA7FB1B-189A-4515-A280-D7322A491721", "36", "F2A12452-9B1E-4019-BCFA-A34602833A63", "3", "WSL"], "data": null, "microsoft_source": "Microsoft-Windows-Kernel-General", "event_category": 0, "event_id": 232, "event_type": 4, "event_description": "Application event", "metadata": {"collection_time": "2025-05-26T10:43:33.955639", "agent_version": "1.0.0", "standardizer_version": "1.0.0", "application_log": true, "application_category": "microsoft_component"}}}
{"timestamp": "2025-05-26T10:26:39", "source": "Microsoft-Windows-Kernel-General", "source_type": "application", "host": "LAPTOP-9AVS13JD", "log_level": "info", "message": "<The description for Event ID ( 233 ) in Source ( 'Microsoft-Windows-Hyper-V-VmSwitch' ) could not be found. It contains the following insertion string(s):'74, 22339DF7-94F5-4140-B7DB-633CD0267973--CCA7FB1B-189A-4515-A280-D7322A491721, 1, , 7'.>", "raw_data": null, "additional_fields": {"record_number": 625226, "computer_name": "LAPTOP-9AVS13JD", "string_inserts": ["74", "22339DF7-94F5-4140-B7DB-633CD0267973--CCA7FB1B-189A-4515-A280-D7322A491721", "1", "", "7"], "data": null, "microsoft_source": "Microsoft-Windows-Kernel-General", "event_category": 0, "event_id": 233, "event_type": 4, "event_description": "Application event", "metadata": {"collection_time": "2025-05-26T10:43:33.955639", "agent_version": "1.0.0", "standardizer_version": "1.0.0", "application_log": true, "application_category": "microsoft_component"}}}
{"timestamp": "2025-05-26T10:26:39", "source": "Microsoft-Windows-Kernel-General", "source_type": "application", "host": "LAPTOP-9AVS13JD", "log_level": "info", "message": "<The description for Event ID ( 264 ) in Source ( 'Microsoft-Windows-Hyper-V-VmSwitch' ) could not be found. It contains the following insertion string(s):'36, 0AEFACD6-BEAD-4B35-B53B-7015ED15C960, 36, CCA7FB1B-189A-4515-A280-D7322A491721, 36, F2A12452-9B1E-4019-BCFA-A34602833A63, 3, WSL, 0, 1'.>", "raw_data": null, "additional_fields": {"record_number": 625225, "computer_name": "LAPTOP-9AVS13JD", "string_inserts": ["36", "0AEFACD6-BEAD-4B35-B53B-7015ED15C960", "36", "CCA7FB1B-189A-4515-A280-D7322A491721", "36", "F2A12452-9B1E-4019-BCFA-A34602833A63", "3", "WSL", "0", "1"], "data": null, "microsoft_source": "Microsoft-Windows-Kernel-General", "event_category": 0, "event_id": 264, "event_type": 4, "event_description": "Application event", "metadata": {"collection_time": "2025-05-26T10:43:33.955639", "agent_version": "1.0.0", "standardizer_version": "1.0.0", "application_log": true, "application_category": "microsoft_component"}}}
{"timestamp": "2025-05-26T10:26:39", "source": "Microsoft-Windows-Kernel-General", "source_type": "application", "host": "LAPTOP-9AVS13JD", "log_level": "info", "message": "<The description for Event ID ( 232 ) in Source ( 'Microsoft-Windows-Hyper-V-VmSwitch' ) could not be found. It contains the following insertion string(s):'36, 70EC5818-469F-4CC6-B1DC-7EF3CC7B0CF6, 3, WSL, 36, D8938719-EAAE-4422-B8DF-2278E91C9AB0, 22, Container NIC 2f3220c3, 36, F2A12452-9B1E-4019-BCFA-A34602833A63, 3, WSL'.>", "raw_data": null, "additional_fields": {"record_number": 625224, "computer_name": "LAPTOP-9AVS13JD", "string_inserts": ["36", "70EC5818-469F-4CC6-B1DC-7EF3CC7B0CF6", "3", "WSL", "36", "D8938719-EAAE-4422-B8DF-2278E91C9AB0", "22", "Container NIC 2f3220c3", "36", "F2A12452-9B1E-4019-BCFA-A34602833A63", "3", "WSL"], "data": null, "microsoft_source": "Microsoft-Windows-Kernel-General", "event_category": 0, "event_id": 232, "event_type": 4, "event_description": "Application event", "metadata": {"collection_time": "2025-05-26T10:43:33.955639", "agent_version": "1.0.0", "standardizer_version": "1.0.0", "application_log": true, "application_category": "microsoft_component"}}}
{"timestamp": "2025-05-26T10:26:38", "source": "Microsoft-Windows-Kernel-General", "source_type": "application", "host": "LAPTOP-9AVS13JD", "log_level": "info", "message": "<The description for Event ID ( 7 ) in Source ( 'Microsoft-Windows-Hyper-V-VmSwitch' ) could not be found. It contains the following insertion string(s):'36, 70EC5818-469F-4CC6-B1DC-7EF3CC7B0CF6, 3, WSL'.>", "raw_data": null, "additional_fields": {"record_number": 625223, "computer_name": "LAPTOP-9AVS13JD", "string_inserts": ["36", "70EC5818-469F-4CC6-B1DC-7EF3CC7B0CF6", "3", "WSL"], "data": null, "microsoft_source": "Microsoft-Windows-Kernel-General", "event_category": 1004, "event_id": 7, "event_type": 4, "event_description": "Application event", "metadata": {"collection_time": "2025-05-26T10:43:33.955639", "agent_version": "1.0.0", "standardizer_version": "1.0.0", "application_log": true, "application_category": "microsoft_component"}}}
{"timestamp": "2025-05-26T10:26:38", "source": "Microsoft-Windows-Kernel-General", "source_type": "application", "host": "LAPTOP-9AVS13JD", "log_level": "info", "message": "<The description for Event ID ( 233 ) in Source ( 'Microsoft-Windows-Hyper-V-VmSwitch' ) could not be found. It contains the following insertion string(s):'36, 70EC5818-469F-4CC6-B1DC-7EF3CC7B0CF6, 3, WSL, 7'.>", "raw_data": null, "additional_fields": {"record_number": 625222, "computer_name": "LAPTOP-9AVS13JD", "string_inserts": ["36", "70EC5818-469F-4CC6-B1DC-7EF3CC7B0CF6", "3", "WSL", "7"], "data": null, "microsoft_source": "Microsoft-Windows-Kernel-General", "event_category": 0, "event_id": 233, "event_type": 4, "event_description": "Application event", "metadata": {"collection_time": "2025-05-26T10:43:33.955639", "agent_version": "1.0.0", "standardizer_version": "1.0.0", "application_log": true, "application_category": "microsoft_component"}}}
{"timestamp": "2025-05-26T10:26:38", "source": "Microsoft-Windows-Kernel-General", "source_type": "application", "host": "LAPTOP-9AVS13JD", "log_level": "info", "message": "<The description for Event ID ( 5 ) in Source ( 'Microsoft-Windows-Hyper-V-VmSwitch' ) could not be found. It contains the following insertion string(s):'36, C8A81591-E5BB-4A08-AA07-4CC8FFB36919, 1, '.>", "raw_data": null, "additional_fields": {"record_number": 625221, "computer_name": "LAPTOP-9AVS13JD", "string_inserts": ["36", "C8A81591-E5BB-4A08-AA07-4CC8FFB36919", "1", ""], "data": null, "microsoft_source": "Microsoft-Windows-Kernel-General", "event_category": 1003, "event_id": 5, "event_type": 4, "event_description": "Application event", "metadata": {"collection_time": "2025-05-26T10:43:33.956637", "agent_version": "1.0.0", "standardizer_version": "1.0.0", "application_log": true, "application_category": "microsoft_component"}}}
{"timestamp": "2025-05-26T10:26:38", "source": "Microsoft-Windows-Kernel-General", "source_type": "application", "host": "LAPTOP-9AVS13JD", "log_level": "info", "message": "<The description for Event ID ( 264 ) in Source ( 'Microsoft-Windows-Hyper-V-VmSwitch' ) could not be found. It contains the following insertion string(s):'36, D8938719-EAAE-4422-B8DF-2278E91C9AB0, 22, Container NIC 2f3220c3, 36, F2A12452-9B1E-4019-BCFA-A34602833A63, 3, WSL, 1, 1'.>", "raw_data": null, "additional_fields": {"record_number": 625220, "computer_name": "LAPTOP-9AVS13JD", "string_inserts": ["36", "D8938719-EAAE-4422-B8DF-2278E91C9AB0", "22", "Container NIC 2f3220c3", "36", "F2A12452-9B1E-4019-BCFA-A34602833A63", "3", "WSL", "1", "1"], "data": null, "microsoft_source": "Microsoft-Windows-Kernel-General", "event_category": 0, "event_id": 264, "event_type": 4, "event_description": "Application event", "metadata": {"collection_time": "2025-05-26T10:43:33.956637", "agent_version": "1.0.0", "standardizer_version": "1.0.0", "application_log": true, "application_category": "microsoft_component"}}}
{"timestamp": "2025-05-26T10:36:46", "source": "Application", "source_type": "application", "host": "LAPTOP-9AVS13JD", "log_level": "info", "message": "Successfully scheduled Software Protection service for re-start at 2025-06-02T14:26:46Z. Reason: RulesEngine.", "raw_data": null, "additional_fields": {"record_number": 496724, "computer_name": "LAPTOP-9AVS13JD", "string_inserts": ["2025-06-02T14:26:46Z", "RulesEngine"], "data": null, "event_id": 16384, "event_category": 0, "event_type": 4, "event_description": "Application event", "metadata": {"collection_time": "2025-05-26T10:43:33.956637", "agent_version": "1.0.0", "standardizer_version": "1.0.0", "application_log": true, "application_category": "general_application"}}}
{"timestamp": "2025-05-26T10:36:16", "source": "Application", "source_type": "application", "host": "LAPTOP-9AVS13JD", "log_level": "info", "message": "Offline downlevel migration succeeded.", "raw_data": null, "additional_fields": {"record_number": 496723, "computer_name": "LAPTOP-9AVS13JD", "string_inserts": null, "data": null, "event_id": 16394, "event_category": 0, "event_type": 4, "event_description": "Application event", "metadata": {"collection_time": "2025-05-26T10:43:33.956637", "agent_version": "1.0.0", "standardizer_version": "1.0.0", "application_log": true, "application_category": "general_application"}}}
{"timestamp": "2025-05-26T10:28:30", "source": "Application", "source_type": "application", "host": "LAPTOP-9AVS13JD", "log_level": "info", "message": "Successfully scheduled Software Protection service for re-start at 2025-06-02T14:26:30Z. Reason: RulesEngine.", "raw_data": null, "additional_fields": {"record_number": 496722, "computer_name": "LAPTOP-9AVS13JD", "string_inserts": ["2025-06-02T14:26:30Z", "RulesEngine"], "data": null, "event_id": 16384, "event_category": 0, "event_type": 4, "event_description": "Application event", "metadata": {"collection_time": "2025-05-26T10:43:33.956637", "agent_version": "1.0.0", "standardizer_version": "1.0.0", "application_log": true, "application_category": "general_application"}}}
{"timestamp": "2025-05-26T10:27:59", "source": "Application", "source_type": "application", "host": "LAPTOP-9AVS13JD", "log_level": "info", "message": "Offline downlevel migration succeeded.", "raw_data": null, "additional_fields": {"record_number": 496721, "computer_name": "LAPTOP-9AVS13JD", "string_inserts": null, "data": null, "event_id": 16394, "event_category": 0, "event_type": 4, "event_description": "Application event", "metadata": {"collection_time": "2025-05-26T10:43:33.956637", "agent_version": "1.0.0", "standardizer_version": "1.0.0", "application_log": true, "application_category": "general_application"}}}
{"timestamp": "2025-05-26T10:27:43", "source": "Application", "source_type": "application", "host": "LAPTOP-9AVS13JD", "log_level": "info", "message": "Successfully scheduled Software Protection service for re-start at 2025-06-02T14:26:43Z. Reason: RulesEngine.", "raw_data": null, "additional_fields": {"record_number": 496720, "computer_name": "LAPTOP-9AVS13JD", "string_inserts": ["2025-06-02T14:26:43Z", "RulesEngine"], "data": null, "event_id": 16384, "event_category": 0, "event_type": 4, "event_description": "Application event", "metadata": {"collection_time": "2025-05-26T10:43:33.956637", "agent_version": "1.0.0", "standardizer_version": "1.0.0", "application_log": true, "application_category": "general_application"}}}
{"timestamp": "2025-05-26T10:27:13", "source": "Application", "source_type": "application", "host": "LAPTOP-9AVS13JD", "log_level": "info", "message": "The rules engine successfully re-evaluated the schedule.\r\nKernel policies:\r\nSecurity-SPP-Action-StateData (REG_SZ) =AppId=55c92734-d682-4d71-983e-d6ec3f16059f;LastConsumptionReason=0x4004f401;LastNotificationId=Cleanup;LicenseState=SL_LICENSING_STATUS_LICENSED;PartialProductKey=V6DGP;ProductKeyType=OEM:DM;SkuId=bd3762d7-270d-4760-8fb3-d829ca45278a;ruleId=379cccfb-d4e0-48fe-b0f2-0136097be147;uxDifferentiator=OEM_DM", "raw_data": null, "additional_fields": {"record_number": 496719, "computer_name": "LAPTOP-9AVS13JD", "string_inserts": ["Security-SPP-Action-StateData (REG_SZ) =AppId=55c92734-d682-4d71-983e-d6ec3f16059f;LastConsumptionReason=0x4004f401;LastNotificationId=Cleanup;LicenseState=SL_LICENSING_STATUS_LICENSED;PartialProductKey=V6DGP;ProductKeyType=OEM:DM;SkuId=bd3762d7-270d-4760-8fb3-d829ca45278a;ruleId=379cccfb-d4e0-48fe-b0f2-0136097be147;uxDifferentiator=OEM_DM"], "data": null, "event_id": 8230, "event_category": 0, "event_type": 4, "event_description": "Application event", "metadata": {"collection_time": "2025-05-26T10:43:33.956637", "agent_version": "1.0.0", "standardizer_version": "1.0.0", "application_log": true, "application_category": "general_application"}}}
{"timestamp": "2025-05-26T10:27:07", "source": "Application", "source_type": "application", "host": "LAPTOP-9AVS13JD", "log_level": "warning", "message": "These policies are being excluded since they are only defined with override-only attribute.\r\nPolicy Names=(Security-SPP-Reserved-EnableNotificationMode) \r\nApp Id=0ff1ce15-a989-479d-af46-f275c6370663\r\nSku Id=4f414197-0fc2-4c01-b68a-86cbb9ac254c", "raw_data": null, "additional_fields": {"record_number": 496718, "computer_name": "LAPTOP-9AVS13JD", "string_inserts": ["(Security-SPP-Reserved-EnableNotificationMode) ", "0ff1ce15-a989-479d-af46-f275c6370663", "4f414197-0fc2-4c01-b68a-86cbb9ac254c"], "data": null, "product_name": "(Security-SPP-Reserved-EnableNotificationMode) ", "product_version": "0ff1ce15-a989-479d-af46-f275c6370663", "installation_result": "4f414197-0fc2-4c01-b68a-86cbb9ac254c", "event_id": 1033, "event_category": 0, "event_type": 4, "event_description": "MSI installation started", "metadata": {"collection_time": "2025-05-26T10:43:33.956637", "agent_version": "1.0.0", "standardizer_version": "1.0.0", "application_log": true, "application_category": "software_installation"}}}
